[2026-01-22T00:08:29.856Z] [INFO] Starting slideshow server...
[2026-01-22T00:08:29.860Z] [INFO] Config loaded: imageFolderPath=/Users/pwv16/b/projects/slideshow/images, displayTimeMs=5000, maxDepth=3, maxFiles=200
[2026-01-22T00:08:29.861Z] [INFO] Scanning for images in: /Users/pwv16/b/projects/slideshow/images
[2026-01-22T00:08:29.874Z] [INFO] Found 74 images
[2026-01-22T00:08:29.875Z] [INFO] Server starting on http://localhost:8000
[2026-01-22T00:09:18.223Z] [INFO] Starting slideshow server...
[2026-01-22T00:09:18.225Z] [INFO] Config loaded: imageFolderPath=/Users/pwv16/b/projects/slideshow/images, displayTimeMs=5000, maxDepth=3, maxFiles=200
[2026-01-22T00:09:18.226Z] [INFO] Scanning for images in: /Users/pwv16/b/projects/slideshow/images
[2026-01-22T00:09:18.232Z] [INFO] Found 74 images
[2026-01-22T00:09:18.233Z] [INFO] Server starting on http://localhost:8000
[2026-01-22T00:09:56.228Z] [INFO] Starting slideshow server...
[2026-01-22T00:09:56.231Z] [INFO] Config loaded: imageFolderPath=/Users/pwv16/b/projects/slideshow/images, displayTimeMs=5000, maxDepth=3, maxFiles=200
[2026-01-22T00:09:56.232Z] [INFO] Scanning for images in: /Users/pwv16/b/projects/slideshow/images
[2026-01-22T00:09:56.238Z] [INFO] Found 74 images
[2026-01-22T00:09:56.239Z] [INFO] Server starting on http://localhost:8000
[2026-01-22T00:10:28.534Z] [DEBUG] GET /api/images
[2026-01-22T00:12:43.279Z] [INFO] Starting slideshow server...
[2026-01-22T00:12:43.281Z] [INFO] Config loaded: imageFolderPath=/Users/pwv16/b/projects/slideshow/images, displayTimeMs=5000, maxDepth=3, maxFiles=200
[2026-01-22T00:12:43.282Z] [INFO] Scanning for images in: /Users/pwv16/b/projects/slideshow/images
[2026-01-22T00:12:43.287Z] [INFO] Found 74 images
[2026-01-22T00:12:43.288Z] [INFO] Server starting on http://localhost:8000
[2026-01-22T00:14:53.864Z] [DEBUG] GET /
[2026-01-22T00:14:53.909Z] [DEBUG] GET /static/styles.css
[2026-01-22T00:14:53.910Z] [DEBUG] GET /static/app.js
[2026-01-22T00:14:53.953Z] [DEBUG] GET /api/images
[2026-01-22T00:14:53.960Z] [DEBUG] GET /favicon.ico
[2026-01-22T00:14:53.964Z] [DEBUG] GET /images/DorthyRoderick.jpg
[2026-01-22T00:14:53.966Z] [DEBUG] GET /images/passport20221210.jpg
[2026-01-22T00:14:58.969Z] [DEBUG] GET /images/2019/DSC00358.JPG
[2026-01-22T00:15:03.971Z] [DEBUG] GET /images/2019/DSC00370.JPG
[2026-01-22T00:15:08.972Z] [DEBUG] GET /images/2019/DSC00384.JPG
[2026-01-22T00:15:13.976Z] [DEBUG] GET /images/2019/DSC00385.JPG
[2026-01-22T00:15:18.978Z] [DEBUG] GET /images/2019/DSC00388.JPG
[2026-01-22T00:15:23.983Z] [DEBUG] GET /images/2019/DSC00390.JPG
[2026-01-22T00:15:28.986Z] [DEBUG] GET /images/2019/DSC00391.JPG
[2026-01-22T00:15:33.988Z] [DEBUG] GET /images/2019/DSC00393.JPG
[2026-01-22T00:15:42.630Z] [DEBUG] GET /images/2019/DSC00394.JPG
[2026-01-22T00:15:56.148Z] [DEBUG] GET /images/2019/DSC00390.JPG
[2026-01-22T00:15:56.790Z] [DEBUG] GET /images/2019/DSC00388.JPG
[2026-01-22T00:15:58.495Z] [DEBUG] GET /images/2019/DSC00404.JPG
[2026-01-22T00:16:00.056Z] [DEBUG] GET /images/2019/DSC00385.JPG
[2026-01-22T00:16:07.183Z] [DEBUG] GET /images/2019/DSC00405.JPG
[2026-01-22T00:16:07.682Z] [DEBUG] GET /images/2019/DSC00406.JPG
[2026-01-22T00:16:07.765Z] [DEBUG] GET /images/2019/DSC00410.JPG
[2026-01-22T00:16:07.846Z] [DEBUG] GET /images/2019/DSC00413.JPG
[2026-01-22T00:16:07.935Z] [DEBUG] GET /images/2019/DSC00428.JPG
[2026-01-22T00:16:08.011Z] [DEBUG] GET /images/2019/DSC00432.JPG
[2026-01-22T00:16:08.096Z] [DEBUG] GET /images/2019/DSC00439.JPG
[2026-01-22T00:16:08.178Z] [DEBUG] GET /images/2019/DSC00441.JPG
[2026-01-22T00:16:08.266Z] [DEBUG] GET /images/2019/DSC00442.JPG
[2026-01-22T00:16:08.350Z] [DEBUG] GET /images/2019/DSC00447.JPG
[2026-01-22T00:16:08.437Z] [DEBUG] GET /images/2019/DSC00448.JPG
[2026-01-22T00:16:08.528Z] [DEBUG] GET /images/2019/DSC00449.JPG
[2026-01-22T00:16:08.641Z] [DEBUG] GET /images/2019/DSC00450.JPG
[2026-01-22T00:16:08.718Z] [DEBUG] GET /images/2019/DSC00453.JPG
[2026-01-22T00:16:08.807Z] [DEBUG] GET /images/2019/DSC00454.JPG
[2026-01-22T00:16:08.876Z] [DEBUG] GET /images/2019/DSC00455.JPG
[2026-01-22T00:16:08.994Z] [DEBUG] GET /images/2019/DSC00456.JPG
[2026-01-22T00:16:09.053Z] [DEBUG] GET /images/2019/DSC00457.JPG
[2026-01-22T00:16:09.127Z] [DEBUG] GET /images/2019/DSC00460.JPG
[2026-01-22T00:16:09.182Z] [DEBUG] GET /images/2019/DSC00461.JPG
[2026-01-22T00:16:09.266Z] [DEBUG] GET /images/2019/DSC00464.JPG
[2026-01-22T00:16:09.348Z] [DEBUG] GET /images/2019/DSC00465.JPG
[2026-01-22T00:16:09.432Z] [DEBUG] GET /images/2019/DSC00467.JPG
[2026-01-22T00:16:09.517Z] [DEBUG] GET /images/2019/DSC00468.JPG
[2026-01-22T00:16:09.609Z] [DEBUG] GET /images/2019/DSC00472.JPG
[2026-01-22T00:16:09.705Z] [DEBUG] GET /images/2019/DSC00474.JPG
[2026-01-22T00:16:09.767Z] [DEBUG] GET /images/2019/DSC00475.JPG
[2026-01-22T00:16:09.851Z] [DEBUG] GET /images/2019/DSC00476.JPG
[2026-01-22T00:16:09.937Z] [DEBUG] GET /images/2019/DSC00477.JPG
[2026-01-22T00:16:10.020Z] [DEBUG] GET /images/2019/DSC00478.JPG
[2026-01-22T00:16:10.104Z] [DEBUG] GET /images/2020/shed/DSC00628.JPG
[2026-01-22T00:16:16.112Z] [DEBUG] GET /images/2020/shed/DSC00629.JPG
[2026-01-22T00:16:21.109Z] [DEBUG] GET /images/2020/shed/DSC00631.JPG
[2026-01-22T00:16:25.676Z] [DEBUG] GET /images/2020/shed/DSC00633.JPG
[2026-01-22T00:16:26.176Z] [DEBUG] GET /images/2020/shed/DSC00636.JPG
[2026-01-22T00:16:26.263Z] [DEBUG] GET /images/2020/shed/DSC00637.JPG
[2026-01-22T00:16:26.341Z] [DEBUG] GET /images/2020/shed/DSC00638.JPG
[2026-01-22T00:16:26.432Z] [DEBUG] GET /images/2020/shed/DSC00639.JPG
[2026-01-22T00:16:26.509Z] [DEBUG] GET /images/2020/shed/DSC00640.JPG
[2026-01-22T00:16:26.593Z] [DEBUG] GET /images/2020/shed/DSC00641.JPG
[2026-01-22T00:16:26.681Z] [DEBUG] GET /images/2020/shed/DSC00642.JPG
[2026-01-22T00:16:26.760Z] [DEBUG] GET /images/2020/shed/DSC00644.JPG
[2026-01-22T00:16:26.844Z] [DEBUG] GET /images/2020/shed/DSC00646.JPG
[2026-01-22T00:16:26.932Z] [DEBUG] GET /images/2020/shed/DSC00647.JPG
[2026-01-22T00:16:27.010Z] [DEBUG] GET /images/2020/shed/DSC00648.JPG
[2026-01-22T00:16:27.097Z] [DEBUG] GET /images/2020/shed/DSC00649.JPG
[2026-01-22T00:16:27.183Z] [DEBUG] GET /images/2020/shed/DSC00650.JPG
[2026-01-22T00:16:27.264Z] [DEBUG] GET /images/2020/shed/DSC00651.JPG
[2026-01-22T00:16:27.352Z] [DEBUG] GET /images/2020/shed/DSC00652.JPG
[2026-01-22T00:16:27.430Z] [DEBUG] GET /images/2020/shed/DSC00654.JPG
[2026-01-22T00:16:27.516Z] [DEBUG] GET /images/2020/shed/DSC00657.JPG
[2026-01-22T00:16:27.597Z] [DEBUG] GET /images/2020/shed/DSC00658.JPG
[2026-01-22T00:16:27.685Z] [DEBUG] GET /images/2020/shed/DSC00660.JPG
[2026-01-22T00:16:27.771Z] [DEBUG] GET /images/2020/shed/DSC00661.JPG
[2026-01-22T00:16:27.855Z] [DEBUG] GET /images/2020/shed/DSC00664.JPG
[2026-01-22T00:16:27.932Z] [DEBUG] GET /images/2020/shed/DSC00665.JPG
[2026-01-22T00:16:28.017Z] [DEBUG] GET /images/2020/shed/DSC00667.JPG
[2026-01-22T00:16:28.100Z] [DEBUG] GET /images/2020/shed/DSC00668.JPG
[2026-01-22T00:16:28.184Z] [DEBUG] GET /images/2020/shed/DSC00669.JPG
[2026-01-22T00:16:28.265Z] [DEBUG] GET /images/2020/shed/DSC00670.JPG
[2026-01-22T00:16:28.350Z] [DEBUG] GET /images/2020/shed/DSC00671.JPG
[2026-01-22T00:16:28.432Z] [DEBUG] GET /images/2020/shed/2020-10-22%2012.20.01.jpg
[2026-01-22T00:16:33.435Z] [DEBUG] GET /images/2020/shed/2020-10-22%2012.20.01.jpg
[2026-01-22T00:16:33.437Z] [DEBUG] GET /images/DorthyRoderick.jpg
[2026-01-22T00:16:38.438Z] [DEBUG] GET /images/passport20221210.jpg
[2026-01-22T00:16:43.441Z] [DEBUG] GET /images/2019/DSC00358.JPG
[2026-01-22T00:16:48.444Z] [DEBUG] GET /images/2019/DSC00370.JPG
[2026-01-22T00:16:53.448Z] [DEBUG] GET /images/2019/DSC00384.JPG
[2026-01-22T00:16:58.452Z] [DEBUG] GET /images/2019/DSC00385.JPG
[2026-01-22T03:15:46.759Z] [DEBUG] GET /images/2019/DSC00388.JPG
[2026-01-22T03:15:51.719Z] [DEBUG] GET /images/2019/DSC00390.JPG
[2026-01-22T03:15:55.252Z] [DEBUG] GET /images/2019/DSC00391.JPG
